I.Location.U/app/build/outputs/logs/manifest-merger-debug-report.txt
-- Merging decision tree log ---
manifest
ADDED from src/main/AndroidManifest.xml:2:1-47:12
	package
		ADDED from src/main/AndroidManifest.xml:3:5-41
		INJECTED from src/main/AndroidManifest.xml
		INJECTED from src/main/AndroidManifest.xml
	android:versionName
		INJECTED from src/main/AndroidManifest.xml
		INJECTED from src/main/AndroidManifest.xml
	xmlns:android
		ADDED from src/main/AndroidManifest.xml:2:11-69
	android:versionCode
		INJECTED from src/main/AndroidManifest.xml
		INJECTED from src/main/AndroidManifest.xml
permission#com.example.de3.ilocationu.permission.MAPS_RECEIVE
ADDED from src/main/AndroidManifest.xml:11:5-13:47
	android:protectionLevel
		ADDED from src/main/AndroidManifest.xml:13:9-44
	android:name
		ADDED from src/main/AndroidManifest.xml:12:9-74
uses-permission#com.example.de3.ilocationu.permission.MAPS_RECEIVE
ADDED from src/main/AndroidManifest.xml:14:5-90
	android:name
		ADDED from src/main/AndroidManifest.xml:14:22-87
uses-permission#android.permission.INTERNET
ADDED from src/main/AndroidManifest.xml:15:5-67
MERGED from [com.google.android.gms:play-services-ads-lite:9.0.2] AndroidManifest.xml:20:5-66
MERGED from [com.google.android.gms:play-services-ads-lite:9.0.2] AndroidManifest.xml:20:5-66
MERGED from [com.google.android.gms:play-services-analytics:9.0.2] AndroidManifest.xml:21:5-67
MERGED from [com.google.android.gms:play-services-analytics-impl:9.0.2] AndroidManifest.xml:21:5-67
MERGED from [com.google.android.gms:play-services-analytics-impl:9.0.2] AndroidManifest.xml:21:5-67
MERGED from [com.google.android.gms:play-services-appinvite:9.0.2] AndroidManifest.xml:19:5-67
MERGED from [com.google.firebase:firebase-iid:9.0.2] AndroidManifest.xml:21:5-67
MERGED from [com.google.firebase:firebase-crash:9.0.2] AndroidManifest.xml:20:5-66
MERGED from [com.google.firebase:firebase-iid:9.0.2] AndroidManifest.xml:21:5-67
MERGED from [com.google.firebase:firebase-analytics:9.0.2] AndroidManifest.xml:21:5-67
MERGED from [com.google.firebase:firebase-analytics-impl:9.0.2] AndroidManifest.xml:21:5-67
MERGED from [com.google.firebase:firebase-iid:9.0.2] AndroidManifest.xml:21:5-67
MERGED from [com.google.firebase:firebase-iid:9.0.2] AndroidManifest.xml:21:5-67
MERGED from [com.google.firebase:firebase-iid:9.0.2] AndroidManifest.xml:21:5-67
MERGED from [com.google.android.gms:play-services-maps:9.0.2] AndroidManifest.xml:21:5-66
MERGED from [com.google.android.gms:play-services-gcm:9.0.2] AndroidManifest.xml:22:5-67
MERGED from [com.google.android.gms:play-services-iid:9.0.2] AndroidManifest.xml:22:5-67
MERGED from [com.google.android.gms:play-services-iid:9.0.2] AndroidManifest.xml:22:5-67
MERGED from [com.google.android.gms:play-services-maps:9.0.2] AndroidManifest.xml:21:5-66
MERGED from [com.google.android.gms:play-services-maps:9.0.2] AndroidManifest.xml:21:5-66
MERGED from [com.google.firebase:firebase-analytics:9.0.2] AndroidManifest.xml:21:5-67
MERGED from [com.google.firebase:firebase-analytics-impl:9.0.2] AndroidManifest.xml:21:5-67
MERGED from [com.google.firebase:firebase-iid:9.0.2] AndroidManifest.xml:21:5-67
MERGED from [com.google.firebase:firebase-analytics-impl:9.0.2] AndroidManifest.xml:21:5-67
MERGED from [com.google.firebase:firebase-iid:9.0.2] AndroidManifest.xml:21:5-67
MERGED from [com.google.android.gms:play-services-tagmanager-api:9.0.2] AndroidManifest.xml:21:5-67
MERGED from [com.google.firebase:firebase-analytics:9.0.2] AndroidManifest.xml:21:5-67
MERGED from [com.google.firebase:firebase-analytics-impl:9.0.2] AndroidManifest.xml:21:5-67
MERGED from [com.google.firebase:firebase-iid:9.0.2] AndroidManifest.xml:21:5-67
MERGED from [com.google.android.gms:play-services-analytics-impl:9.0.2] AndroidManifest.xml:21:5-67
MERGED from [com.google.android.gms:play-services-tagmanager-api:9.0.2] AndroidManifest.xml:21:5-67
MERGED from [com.google.firebase:firebase-analytics:9.0.2] AndroidManifest.xml:21:5-67
MERGED from [com.google.firebase:firebase-analytics-impl:9.0.2] AndroidManifest.xml:21:5-67
MERGED from [com.google.firebase:firebase-iid:9.0.2] AndroidManifest.xml:21:5-67
MERGED from [com.google.android.gms:play-services-maps:9.0.2] AndroidManifest.xml:21:5-66
MERGED from [com.google.android.gms:play-services-ads-lite:9.0.2] AndroidManifest.xml:20:5-66
MERGED from [com.google.android.gms:play-services-ads-lite:9.0.2] AndroidManifest.xml:20:5-66
MERGED from [com.google.android.gms:play-services-analytics:9.0.2] AndroidManifest.xml:21:5-67
MERGED from [com.google.android.gms:play-services-analytics-impl:9.0.2] AndroidManifest.xml:21:5-67
MERGED from [com.google.android.gms:play-services-analytics-impl:9.0.2] AndroidManifest.xml:21:5-67
MERGED from [com.google.android.gms:play-services-appinvite:9.0.2] AndroidManifest.xml:19:5-67
MERGED from [com.google.firebase:firebase-iid:9.0.2] AndroidManifest.xml:21:5-67
MERGED from [com.google.firebase:firebase-crash:9.0.2] AndroidManifest.xml:20:5-66
MERGED from [com.google.firebase:firebase-iid:9.0.2] AndroidManifest.xml:21:5-67
MERGED from [com.google.firebase:firebase-analytics:9.0.2] AndroidManifest.xml:21:5-67
MERGED from [com.google.firebase:firebase-analytics-impl:9.0.2] AndroidManifest.xml:21:5-67
MERGED from [com.google.firebase:firebase-iid:9.0.2] AndroidManifest.xml:21:5-67
MERGED from [com.google.firebase:firebase-iid:9.0.2] AndroidManifest.xml:21:5-67
MERGED from [com.google.firebase:firebase-iid:9.0.2] AndroidManifest.xml:21:5-67
MERGED from [com.google.android.gms:play-services-maps:9.0.2] AndroidManifest.xml:21:5-66
MERGED from [com.google.android.gms:play-services-gcm:9.0.2] AndroidManifest.xml:22:5-67
MERGED from [com.google.android.gms:play-services-iid:9.0.2] AndroidManifest.xml:22:5-67
MERGED from [com.google.android.gms:play-services-iid:9.0.2] AndroidManifest.xml:22:5-67
MERGED from [com.google.android.gms:play-services-maps:9.0.2] AndroidManifest.xml:21:5-66
MERGED from [com.google.android.gms:play-services-maps:9.0.2] AndroidManifest.xml:21:5-66
MERGED from [com.google.firebase:firebase-analytics:9.0.2] AndroidManifest.xml:21:5-67
MERGED from [com.google.firebase:firebase-analytics-impl:9.0.2] AndroidManifest.xml:21:5-67
MERGED from [com.google.firebase:firebase-iid:9.0.2] AndroidManifest.xml:21:5-67
MERGED from [com.google.firebase:firebase-analytics-impl:9.0.2] AndroidManifest.xml:21:5-67
MERGED from [com.google.firebase:firebase-iid:9.0.2] AndroidManifest.xml:21:5-67
MERGED from [com.google.android.gms:play-services-tagmanager-api:9.0.2] AndroidManifest.xml:21:5-67
MERGED from [com.google.firebase:firebase-analytics:9.0.2] AndroidManifest.xml:21:5-67
MERGED from [com.google.firebase:firebase-analytics-impl:9.0.2] AndroidManifest.xml:21:5-67
MERGED from [com.google.firebase:firebase-iid:9.0.2] AndroidManifest.xml:21:5-67
MERGED from [com.google.android.gms:play-services-analytics-impl:9.0.2] AndroidManifest.xml:21:5-67
MERGED from [com.google.android.gms:play-services-tagmanager-api:9.0.2] AndroidManifest.xml:21:5-67
MERGED from [com.google.firebase:firebase-analytics:9.0.2] AndroidManifest.xml:21:5-67
MERGED from [com.google.firebase:firebase-analytics-impl:9.0.2] AndroidManifest.xml:21:5-67
MERGED from [com.google.firebase:firebase-iid:9.0.2] AndroidManifest.xml:21:5-67
MERGED from [com.google.android.gms:play-services-maps:9.0.2] AndroidManifest.xml:21:5-66
	android:name
		ADDED from src/main/AndroidManifest.xml:15:22-64
uses-permission#android.permission.ACCESS_NETWORK_STATE
ADDED from src/main/AndroidManifest.xml:16:5-79
MERGED from [com.google.android.gms:play-services-ads-lite:9.0.2] AndroidManifest.xml:21:5-78
MERGED from [com.google.android.gms:play-services-ads-lite:9.0.2] AndroidManifest.xml:21:5-78
MERGED from [com.google.android.gms:play-services-analytics:9.0.2] AndroidManifest.xml:22:5-79
MERGED from [com.google.android.gms:play-services-analytics-impl:9.0.2] AndroidManifest.xml:22:5-79
MERGED from [com.google.android.gms:play-services-analytics-impl:9.0.2] AndroidManifest.xml:22:5-79
MERGED from [com.google.firebase:firebase-iid:9.0.2] AndroidManifest.xml:20:5-79
MERGED from [com.google.firebase:firebase-iid:9.0.2] AndroidManifest.xml:20:5-79
MERGED from [com.google.firebase:firebase-analytics:9.0.2] AndroidManifest.xml:22:5-79
MERGED from [com.google.firebase:firebase-analytics-impl:9.0.2] AndroidManifest.xml:22:5-79
MERGED from [com.google.firebase:firebase-iid:9.0.2] AndroidManifest.xml:20:5-79
MERGED from [com.google.firebase:firebase-iid:9.0.2] AndroidManifest.xml:20:5-79
MERGED from [com.google.firebase:firebase-iid:9.0.2] AndroidManifest.xml:20:5-79
MERGED from [com.google.android.gms:play-services-maps:9.0.2] AndroidManifest.xml:20:5-78
MERGED from [com.google.android.gms:play-services-maps:9.0.2] AndroidManifest.xml:20:5-78
MERGED from [com.google.android.gms:play-services-maps:9.0.2] AndroidManifest.xml:20:5-78
MERGED from [com.google.firebase:firebase-analytics:9.0.2] AndroidManifest.xml:22:5-79
MERGED from [com.google.firebase:firebase-analytics-impl:9.0.2] AndroidManifest.xml:22:5-79
MERGED from [com.google.firebase:firebase-iid:9.0.2] AndroidManifest.xml:20:5-79
MERGED from [com.google.firebase:firebase-analytics-impl:9.0.2] AndroidManifest.xml:22:5-79
MERGED from [com.google.firebase:firebase-iid:9.0.2] AndroidManifest.xml:20:5-79
MERGED from [com.google.android.gms:play-services-nearby:9.0.2] AndroidManifest.xml:19:5-79
MERGED from [com.google.android.gms:play-services-tagmanager-api:9.0.2] AndroidManifest.xml:22:5-79
MERGED from [com.google.firebase:firebase-analytics:9.0.2] AndroidManifest.xml:22:5-79
MERGED from [com.google.firebase:firebase-analytics-impl:9.0.2] AndroidManifest.xml:22:5-79
MERGED from [com.google.firebase:firebase-iid:9.0.2] AndroidManifest.xml:20:5-79
MERGED from [com.google.android.gms:play-services-analytics-impl:9.0.2] AndroidManifest.xml:22:5-79
MERGED from [com.google.android.gms:play-services-tagmanager-api:9.0.2] AndroidManifest.xml:22:5-79
MERGED from [com.google.firebase:firebase-analytics:9.0.2] AndroidManifest.xml:22:5-79
MERGED from [com.google.firebase:firebase-analytics-impl:9.0.2] AndroidManifest.xml:22:5-79
MERGED from [com.google.firebase:firebase-iid:9.0.2] AndroidManifest.xml:20:5-79
MERGED from [com.google.android.gms:play-services-maps:9.0.2] AndroidManifest.xml:20:5-78
MERGED from [com.google.android.gms:play-services-ads-lite:9.0.2] AndroidManifest.xml:21:5-78
MERGED from [com.google.android.gms:play-services-ads-lite:9.0.2] AndroidManifest.xml:21:5-78
MERGED from [com.google.android.gms:play-services-analytics:9.0.2] AndroidManifest.xml:22:5-79
MERGED from [com.google.android.gms:play-services-analytics-impl:9.0.2] AndroidManifest.xml:22:5-79
MERGED from [com.google.android.gms:play-services-analytics-impl:9.0.2] AndroidManifest.xml:22:5-79
MERGED from [com.google.firebase:firebase-iid:9.0.2] AndroidManifest.xml:20:5-79
MERGED from [com.google.firebase:firebase-iid:9.0.2] AndroidManifest.xml:20:5-79
MERGED from [com.google.firebase:firebase-analytics:9.0.2] AndroidManifest.xml:22:5-79
MERGED from [com.google.firebase:firebase-analytics-impl:9.0.2] AndroidManifest.xml:22:5-79
MERGED from [com.google.firebase:firebase-iid:9.0.2] AndroidManifest.xml:20:5-79
MERGED from [com.google.firebase:firebase-iid:9.0.2] AndroidManifest.xml:20:5-79
MERGED from [com.google.firebase:firebase-iid:9.0.2] AndroidManifest.xml:20:5-79
MERGED from [com.google.android.gms:play-services-maps:9.0.2] AndroidManifest.xml:20:5-78
MERGED from [com.google.android.gms:play-services-maps:9.0.2] AndroidManifest.xml:20:5-78
MERGED from [com.google.android.gms:play-services-maps:9.0.2] AndroidManifest.xml:20:5-78
MERGED from [com.google.firebase:firebase-analytics:9.0.2] AndroidManifest.xml:22:5-79
MERGED from [com.google.firebase:firebase-analytics-impl:9.0.2] AndroidManifest.xml:22:5-79
MERGED from [com.google.firebase:firebase-iid:9.0.2] AndroidManifest.xml:20:5-79
MERGED from [com.google.firebase:firebase-analytics-impl:9.0.2] AndroidManifest.xml:22:5-79
MERGED from [com.google.firebase:firebase-iid:9.0.2] AndroidManifest.xml:20:5-79
MERGED from [com.google.android.gms:play-services-nearby:9.0.2] AndroidManifest.xml:19:5-79
MERGED from [com.google.android.gms:play-services-tagmanager-api:9.0.2] AndroidManifest.xml:22:5-79
MERGED from [com.google.firebase:firebase-analytics:9.0.2] AndroidManifest.xml:22:5-79
MERGED from [com.google.firebase:firebase-analytics-impl:9.0.2] AndroidManifest.xml:22:5-79
MERGED from [com.google.firebase:firebase-iid:9.0.2] AndroidManifest.xml:20:5-79
MERGED from [com.google.android.gms:play-services-analytics-impl:9.0.2] AndroidManifest.xml:22:5-79
MERGED from [com.google.android.gms:play-services-tagmanager-api:9.0.2] AndroidManifest.xml:22:5-79
MERGED from [com.google.firebase:firebase-analytics:9.0.2] AndroidManifest.xml:22:5-79
MERGED from [com.google.firebase:firebase-analytics-impl:9.0.2] AndroidManifest.xml:22:5-79
MERGED from [com.google.firebase:firebase-iid:9.0.2] AndroidManifest.xml:20:5-79
MERGED from [com.google.android.gms:play-services-maps:9.0.2] AndroidManifest.xml:20:5-78
	android:name
		ADDED from src/main/AndroidManifest.xml:16:22-76
uses-permission#android.permission.WRITE_EXTERNAL_STORAGE
ADDED from src/main/AndroidManifest.xml:17:5-81
	android:name
		ADDED from src/main/AndroidManifest.xml:17:22-78
uses-permission#com.google.android.providers.gsf.permission.READ_GSERVICES
ADDED from src/main/AndroidManifest.xml:18:5-98
	android:name
		ADDED from src/main/AndroidManifest.xml:18:22-95
uses-permission#android.permission.ACCESS_FINE_LOCATION
ADDED from src/main/AndroidManifest.xml:19:5-79
	android:name
		ADDED from src/main/AndroidManifest.xml:19:22-76
uses-feature#0x00020000
ADDED from src/main/AndroidManifest.xml:21:5-23:35
MERGED from [com.google.android.gms:play-services-maps:9.0.2] AndroidManifest.xml:22:5-24:33
MERGED from [com.google.android.gms:play-services-maps:9.0.2] AndroidManifest.xml:22:5-24:33
MERGED from [com.google.android.gms:play-services-maps:9.0.2] AndroidManifest.xml:22:5-24:33
MERGED from [com.google.android.gms:play-services-maps:9.0.2] AndroidManifest.xml:22:5-24:33
MERGED from [com.google.android.gms:play-services-maps:9.0.2] AndroidManifest.xml:22:5-24:33
MERGED from [com.google.android.gms:play-services-maps:9.0.2] AndroidManifest.xml:22:5-24:33
MERGED from [com.google.android.gms:play-services-maps:9.0.2] AndroidManifest.xml:22:5-24:33
MERGED from [com.google.android.gms:play-services-maps:9.0.2] AndroidManifest.xml:22:5-24:33
	android:glEsVersion
		ADDED from src/main/AndroidManifest.xml:22:9-41
	android:required
		ADDED from src/main/AndroidManifest.xml:23:9-32
application
ADDED from src/main/AndroidManifest.xml:24:5-45:19
MERGED from [com.android.support:appcompat-v7:23.0.0] AndroidManifest.xml:22:5-20
MERGED from [com.android.support:support-v4:23.0.0] AndroidManifest.xml:22:5-20
MERGED from [com.google.android.gms:play-services:9.0.2] AndroidManifest.xml:5:5-20
MERGED from [com.google.android.gms:play-services-ads-lite:9.0.2] AndroidManifest.xml:24:5-32:19
MERGED from [com.google.android.gms:play-services-basement:9.0.2] AndroidManifest.xml:20:5-24:19
MERGED from [com.android.support:support-v4:23.0.0] AndroidManifest.xml:22:5-20
MERGED from [com.google.android.gms:play-services-base:9.0.2] AndroidManifest.xml:19:5-23:19
MERGED from [com.google.android.gms:play-services-basement:9.0.2] AndroidManifest.xml:20:5-24:19
MERGED from [com.android.support:support-v4:23.0.0] AndroidManifest.xml:22:5-20
MERGED from [com.google.firebase:firebase-common:9.0.2] AndroidManifest.xml:5:5-12:19
MERGED from [com.google.android.gms:play-services-basement:9.0.2] AndroidManifest.xml:20:5-24:19
MERGED from [com.android.support:support-v4:23.0.0] AndroidManifest.xml:22:5-20
MERGED from [com.google.android.gms:play-services-tasks:9.0.2] AndroidManifest.xml:5:5-20
MERGED from [com.google.android.gms:play-services-basement:9.0.2] AndroidManifest.xml:20:5-24:19
MERGED from [com.android.support:support-v4:23.0.0] AndroidManifest.xml:22:5-20
MERGED from [com.google.android.gms:play-services-tasks:9.0.2] AndroidManifest.xml:5:5-20
MERGED from [com.google.android.gms:play-services-basement:9.0.2] AndroidManifest.xml:20:5-24:19
MERGED from [com.android.support:support-v4:23.0.0] AndroidManifest.xml:22:5-20
MERGED from [com.google.android.gms:play-services-basement:9.0.2] AndroidManifest.xml:20:5-24:19
MERGED from [com.android.support:support-v4:23.0.0] AndroidManifest.xml:22:5-20
MERGED from [com.google.android.gms:play-services-ads-lite:9.0.2] AndroidManifest.xml:24:5-32:19
MERGED from [com.google.android.gms:play-services-basement:9.0.2] AndroidManifest.xml:20:5-24:19
MERGED from [com.android.support:support-v4:23.0.0] AndroidManifest.xml:22:5-20
MERGED from [com.google.android.gms:play-services-analytics:9.0.2] AndroidManifest.xml:27:5-20
MERGED from [com.google.android.gms:play-services-analytics-impl:9.0.2] AndroidManifest.xml:27:5-20
MERGED from [com.google.android.gms:play-services-base:9.0.2] AndroidManifest.xml:19:5-23:19
MERGED from [com.google.android.gms:play-services-basement:9.0.2] AndroidManifest.xml:20:5-24:19
MERGED from [com.android.support:support-v4:23.0.0] AndroidManifest.xml:22:5-20
MERGED from [com.google.firebase:firebase-common:9.0.2] AndroidManifest.xml:5:5-12:19
MERGED from [com.google.android.gms:play-services-basement:9.0.2] AndroidManifest.xml:20:5-24:19
MERGED from [com.android.support:support-v4:23.0.0] AndroidManifest.xml:22:5-20
MERGED from [com.google.android.gms:play-services-tasks:9.0.2] AndroidManifest.xml:5:5-20
MERGED from [com.google.android.gms:play-services-basement:9.0.2] AndroidManifest.xml:20:5-24:19
MERGED from [com.android.support:support-v4:23.0.0] AndroidManifest.xml:22:5-20
MERGED from [com.google.android.gms:play-services-tasks:9.0.2] AndroidManifest.xml:5:5-20
MERGED from [com.google.android.gms:play-services-basement:9.0.2] AndroidManifest.xml:20:5-24:19
MERGED from [com.android.support:support-v4:23.0.0] AndroidManifest.xml:22:5-20
MERGED from [com.google.android.gms:play-services-basement:9.0.2] AndroidManifest.xml:20:5-24:19
MERGED from [com.android.support:support-v4:23.0.0] AndroidManifest.xml:22:5-20
MERGED from [com.google.android.gms:play-services-base:9.0.2] AndroidManifest.xml:19:5-23:19
MERGED from [com.google.android.gms:play-services-basement:9.0.2] AndroidManifest.xml:20:5-24:19
MERGED from [com.android.support:support-v4:23.0.0] AndroidManifest.xml:22:5-20
MERGED from [com.google.firebase:firebase-common:9.0.2] AndroidManifest.xml:5:5-12:19
MERGED from [com.google.android.gms:play-services-basement:9.0.2] AndroidManifest.xml:20:5-24:19
MERGED from [com.android.support:support-v4:23.0.0] AndroidManifest.xml:22:5-20
MERGED from [com.google.android.gms:play-services-tasks:9.0.2] AndroidManifest.xml:5:5-20
MERGED from [com.google.android.gms:play-services-basement:9.0.2] AndroidManifest.xml:20:5-24:19
MERGED from [com.android.support:support-v4:23.0.0] AndroidManifest.xml:22:5-20
MERGED from [com.google.android.gms:play-services-tasks:9.0.2] AndroidManifest.xml:5:5-20
MERGED from [com.google.android.gms:play-services-basement:9.0.2] AndroidManifest.xml:20:5-24:19
MERGED from [com.android.support:support-v4:23.0.0] AndroidManifest.xml:22:5-20
MERGED from [com.google.android.gms:play-services-basement:9.0.2] AndroidManifest.xml:20:5-24:19
MERGED from [com.android.support:support-v4:23.0.0] AndroidManifest.xml:22:5-20
MERGED from [com.google.android.gms:play-services-analytics-impl:9.0.2] AndroidManifest.xml:27:5-20
MERGED from [com.google.android.gms:play-services-base:9.0.2] AndroidManifest.xml:19:5-23:19
MERGED from [com.google.android.gms:play-services-basement:9.0.2] AndroidManifest.xml:20:5-24:19
MERGED from [com.android.support:support-v4:23.0.0] AndroidManifest.xml:22:5-20
MERGED from [com.google.firebase:firebase-common:9.0.2] AndroidManifest.xml:5:5-12:19
MERGED from [com.google.android.gms:play-services-basement:9.0.2] AndroidManifest.xml:20:5-24:19
MERGED from [com.android.support:support-v4:23.0.0] AndroidManifest.xml:22:5-20
MERGED from [com.google.android.gms:play-services-tasks:9.0.2] AndroidManifest.xml:5:5-20
MERGED from [com.google.android.gms:play-services-basement:9.0.2] AndroidManifest.xml:20:5-24:19
MERGED from [com.android.support:support-v4:23.0.0] AndroidManifest.xml:22:5-20
MERGED from [com.google.android.gms:play-services-tasks:9.0.2] AndroidManifest.xml:5:5-20
MERGED from [com.google.android.gms:play-services-basement:9.0.2] AndroidManifest.xml:20:5-24:19
MERGED from [com.android.support:support-v4:23.0.0] AndroidManifest.xml:22:5-20
MERGED from [com.google.android.gms:play-services-basement:9.0.2] AndroidManifest.xml:20:5-24:19
MERGED from [com.android.support:support-v4:23.0.0] AndroidManifest.xml:22:5-20
MERGED from [com.google.android.gms:play-services-appinvite:9.0.2] AndroidManifest.xml:20:5-30:19
MERGED from [com.google.android.gms:play-services-base:9.0.2] AndroidManifest.xml:19:5-23:19
MERGED from [com.google.android.gms:play-services-basement:9.0.2] AndroidManifest.xml:20:5-24:19
MERGED from [com.android.support:support-v4:23.0.0] AndroidManifest.xml:22:5-20
MERGED from [com.google.firebase:firebase-common:9.0.2] AndroidManifest.xml:5:5-12:19
MERGED from [com.google.android.gms:play-services-basement:9.0.2] AndroidManifest.xml:20:5-24:19
MERGED from [com.android.support:support-v4:23.0.0] AndroidManifest.xml:22:5-20
MERGED from [com.google.android.gms:play-services-tasks:9.0.2] AndroidManifest.xml:5:5-20
MERGED from [com.google.android.gms:play-services-basement:9.0.2] AndroidManifest.xml:20:5-24:19
MERGED from [com.android.support:support-v4:23.0.0] AndroidManifest.xml:22:5-20
MERGED from [com.google.android.gms:play-services-tasks:9.0.2] AndroidManifest.xml:5:5-20
MERGED from [com.google.android.gms:play-services-basement:9.0.2] AndroidManifest.xml:20:5-24:19
MERGED from [com.android.support:support-v4:23.0.0] AndroidManifest.xml:22:5-20
MERGED from [com.google.android.gms:play-services-basement:9.0.2] AndroidManifest.xml:20:5-24:19
MERGED from [com.android.support:support-v4:23.0.0] AndroidManifest.xml:22:5-20
MERGED from [com.google.android.gms:play-services-auth:9.0.2] AndroidManifest.xml:20:5-32:19
MERGED from [com.google.android.gms:play-services-base:9.0.2] AndroidManifest.xml:19:5-23:19
MERGED from [com.google.android.gms:play-services-basement:9.0.2] AndroidManifest.xml:20:5-24:19
MERGED from [com.android.support:support-v4:23.0.0] AndroidManifest.xml:22:5-20
MERGED from [com.google.firebase:firebase-common:9.0.2] AndroidManifest.xml:5:5-12:19
MERGED from [com.google.android.gms:play-services-basement:9.0.2] AndroidManifest.xml:20:5-24:19
MERGED from [com.android.support:support-v4:23.0.0] AndroidManifest.xml:22:5-20
MERGED from [com.google.android.gms:play-services-tasks:9.0.2] AndroidManifest.xml:5:5-20
MERGED from [com.google.android.gms:play-services-basement:9.0.2] AndroidManifest.xml:20:5-24:19
MERGED from [com.android.support:support-v4:23.0.0] AndroidManifest.xml:22:5-20
MERGED from [com.google.android.gms:play-services-tasks:9.0.2] AndroidManifest.xml:5:5-20
MERGED from [com.google.android.gms:play-services-basement:9.0.2] AndroidManifest.xml:20:5-24:19
MERGED from [com.android.support:support-v4:23.0.0] AndroidManifest.xml:22:5-20
MERGED from [com.google.android.gms:play-services-basement:9.0.2] AndroidManifest.xml:20:5-24:19
MERGED from [com.android.support:support-v4:23.0.0] AndroidManifest.xml:22:5-20
MERGED from [com.google.android.gms:play-services-base:9.0.2] AndroidManifest.xml:19:5-23:19
MERGED from [com.google.android.gms:play-services-basement:9.0.2] AndroidManifest.xml:20:5-24:19
MERGED from [com.android.support:support-v4:23.0.0] AndroidManifest.xml:22:5-20
MERGED from [com.google.firebase:firebase-common:9.0.2] AndroidManifest.xml:5:5-12:19
MERGED from [com.google.android.gms:play-services-basement:9.0.2] AndroidManifest.xml:20:5-24:19
MERGED from [com.android.support:support-v4:23.0.0] AndroidManifest.xml:22:5-20
MERGED from [com.google.android.gms:play-services-tasks:9.0.2] AndroidManifest.xml:5:5-20
MERGED from [com.google.android.gms:play-services-basement:9.0.2] AndroidManifest.xml:20:5-24:19
MERGED from [com.android.support:support-v4:23.0.0] AndroidManifest.xml:22:5-20
MERGED from [com.google.android.gms:play-services-tasks:9.0.2] AndroidManifest.xml:5:5-20
MERGED from [com.google.android.gms:play-services-basement:9.0.2] AndroidManifest.xml:20:5-24:19
MERGED from [com.android.support:support-v4:23.0.0] AndroidManifest.xml:22:5-20
MERGED from [com.google.android.gms:play-services-basement:9.0.2] AndroidManifest.xml:20:5-24:19
MERGED from [com.android.support:support-v4:23.0.0] AndroidManifest.xml:22:5-20
MERGED from [com.google.android.gms:play-services-base:9.0.2] AndroidManifest.xml:19:5-23:19
MERGED from [com.google.android.gms:play-services-basement:9.0.2] AndroidManifest.xml:20:5-24:19
MERGED from [com.android.support:support-v4:23.0.0] AndroidManifest.xml:22:5-20
MERGED from [com.google.firebase:firebase-common:9.0.2] AndroidManifest.xml:5:5-12:19
MERGED from [com.google.android.gms:play-services-basement:9.0.2] AndroidManifest.xml:20:5-24:19
MERGED from [com.android.support:support-v4:23.0.0] AndroidManifest.xml:22:5-20
MERGED from [com.google.android.gms:play-services-tasks:9.0.2] AndroidManifest.xml:5:5-20
MERGED from [com.google.android.gms:play-services-basement:9.0.2] AndroidManifest.xml:20:5-24:19
MERGED from [com.android.support:support-v4:23.0.0] AndroidManifest.xml:22:5-20
MERGED from [com.google.android.gms:play-services-tasks:9.0.2] AndroidManifest.xml:5:5-20
MERGED from [com.google.android.gms:play-services-basement:9.0.2] AndroidManifest.xml:20:5-24:19
MERGED from [com.android.support:support-v4:23.0.0] AndroidManifest.xml:22:5-20
MERGED from [com.google.android.gms:play-services-basement:9.0.2] AndroidManifest.xml:20:5-24:19
MERGED from [com.android.support:support-v4:23.0.0] AndroidManifest.xml:22:5-20
MERGED from [com.google.android.gms:play-services-base:9.0.2] AndroidManifest.xml:19:5-23:19
MERGED from [com.google.android.gms:play-services-basement:9.0.2] AndroidManifest.xml:20:5-24:19
MERGED from [com.android.support:support-v4:23.0.0] AndroidManifest.xml:22:5-20
MERGED from [com.google.firebase:firebase-common:9.0.2] AndroidManifest.xml:5:5-12:19
MERGED from [com.google.android.gms:play-services-basement:9.0.2] AndroidManifest.xml:20:5-24:19
MERGED from [com.android.support:support-v4:23.0.0] AndroidManifest.xml:22:5-20
MERGED from [com.google.android.gms:play-services-tasks:9.0.2] AndroidManifest.xml:5:5-20
MERGED from [com.google.android.gms:play-services-basement:9.0.2] AndroidManifest.xml:20:5-24:19
MERGED from [com.android.support:support-v4:23.0.0] AndroidManifest.xml:22:5-20
MERGED from [com.google.android.gms:play-services-tasks:9.0.2] AndroidManifest.xml:5:5-20
MERGED from [com.google.android.gms:play-services-basement:9.0.2] AndroidManifest.xml:20:5-24:19
MERGED from [com.android.support:support-v4:23.0.0] AndroidManifest.xml:22:5-20
MERGED from [com.google.android.gms:play-services-cast:9.0.2] AndroidManifest.xml:19:5-20
MERGED from [com.google.android.gms:play-services-base:9.0.2] AndroidManifest.xml:19:5-23:19
MERGED from [com.google.android.gms:play-services-basement:9.0.2] AndroidManifest.xml:20:5-24:19
MERGED from [com.android.support:support-v4:23.0.0] AndroidManifest.xml:22:5-20
MERGED from [com.google.firebase:firebase-common:9.0.2] AndroidManifest.xml:5:5-12:19
MERGED from [com.google.android.gms:play-services-basement:9.0.2] AndroidManifest.xml:20:5-24:19
MERGED from [com.android.support:support-v4:23.0.0] AndroidManifest.xml:22:5-20
MERGED from [com.google.android.gms:play-services-tasks:9.0.2] AndroidManifest.xml:5:5-20
MERGED from [com.google.android.gms:play-services-basement:9.0.2] AndroidManifest.xml:20:5-24:19
MERGED from [com.android.support:support-v4:23.0.0] AndroidManifest.xml:22:5-20
MERGED from [com.google.android.gms:play-services-tasks:9.0.2] AndroidManifest.xml:5:5-20
MERGED from [com.google.android.gms:play-services-basement:9.0.2] AndroidManifest.xml:20:5-24:19
MERGED from [com.android.support:support-v4:23.0.0] AndroidManifest.xml:22:5-20
MERGED from [com.google.android.gms:play-services-basement:9.0.2] AndroidManifest.xml:20:5-24:19
MERGED from [com.android.support:support-v4:23.0.0] AndroidManifest.xml:22:5-20
MERGED from [com.android.support:mediarouter-v7:23.0.0] AndroidManifest.xml:22:5-20
MERGED from [com.android.support:appcompat-v7:23.0.0] AndroidManifest.xml:22:5-20
MERGED from [com.android.support:support-v4:23.0.0] AndroidManifest.xml:22:5-20
MERGED from [com.google.android.gms:play-services-basement:9.0.2] AndroidManifest.xml:20:5-24:19
MERGED from [com.android.support:support-v4:23.0.0] AndroidManifest.xml:22:5-20
MERGED from [com.google.firebase:firebase-config:9.0.2] AndroidManifest.xml:19:5-20
MERGED from [com.google.android.gms:play-services-base:9.0.2] AndroidManifest.xml:19:5-23:19
MERGED from [com.google.android.gms:play-services-basement:9.0.2] AndroidManifest.xml:20:5-24:19
MERGED from [com.android.support:support-v4:23.0.0] AndroidManifest.xml:22:5-20
MERGED from [com.google.firebase:firebase-common:9.0.2] AndroidManifest.xml:5:5-12:19
MERGED from [com.google.android.gms:play-services-basement:9.0.2] AndroidManifest.xml:20:5-24:19
MERGED from [com.android.support:support-v4:23.0.0] AndroidManifest.xml:22:5-20
MERGED from [com.google.android.gms:play-services-tasks:9.0.2] AndroidManifest.xml:5:5-20
MERGED from [com.google.android.gms:play-services-basement:9.0.2] AndroidManifest.xml:20:5-24:19
MERGED from [com.android.support:support-v4:23.0.0] AndroidManifest.xml:22:5-20
MERGED from [com.google.android.gms:play-services-tasks:9.0.2] AndroidManifest.xml:5:5-20
MERGED from [com.google.android.gms:play-services-basement:9.0.2] AndroidManifest.xml:20:5-24:19
MERGED from [com.android.support:support-v4:23.0.0] AndroidManifest.xml:22:5-20
MERGED from [com.google.android.gms:play-services-basement:9.0.2] AndroidManifest.xml:20:5-24:19